<?xml version="1.0" encoding="UTF-8"?>
<!-- Generated by org.testng.reporters.JUnitXMLReporter -->
<testsuite hostname="41789598697" name="TestAndroid" tests="1" failures="0" timestamp="24 Apr 2018 13:36:07 GMT" time="6.48" errors="0">
  <testcase name="@BeforeMethod setUp" time="0.0" classname="com.experitest.auto.AndroidDemoTest">
    <failure type="java.lang.NullPointerException">
      <![CDATA[java.lang.NullPointerException
	at org.boon.json.implementation.JsonParserLax.parse(JsonParserLax.java:287)
	at org.boon.json.implementation.BaseJsonParser.parse(BaseJsonParser.java:127)
	at org.boon.json.implementation.BaseJsonParserAndMapper.parse(BaseJsonParserAndMapper.java:765)
	at org.boon.json.JsonMappingParser.parse(JsonMappingParser.java:699)
	at org.boon.json.implementation.ObjectMapperImpl.fromJson(ObjectMapperImpl.java:303)
	at com.experitest.client.GridClient.lockDeviceForExecution(GridClient.java:356)
	at com.experitest.client.GridClient.lockDeviceForExecution(GridClient.java:312)
	at com.experitest.auto.BaseTest.init(BaseTest.java:37)
	at com.experitest.auto.AndroidDemoTest.setUp(AndroidDemoTest.java:14)
	at java.util.concurrent.FutureTask.run(Unknown Source)
	at java.util.concurrent.ThreadPoolExecutor.runWorker(Unknown Source)
	at java.util.concurrent.ThreadPoolExecutor$Worker.run(Unknown Source)
	at java.lang.Thread.run(Unknown Source)
... Removed 18 stack frames]]>
    </failure>
  </testcase> <!-- @BeforeMethod setUp -->
  <testcase name="@AfterMethod tearDown" time="0.0" classname="com.experitest.auto.AndroidDemoTest">
    <skipped/>
  </testcase> <!-- @AfterMethod tearDown -->
  <testcase name="test" time="0.002" classname="com.experitest.auto.AndroidDemoTest">
    <skipped/>
  </testcase> <!-- test -->
</testsuite> <!-- TestAndroid -->
